Downloading https://services.gradle.org/distributions/gradle-8.6-all.zip
....................10%.....................20%.....................30%.....................40%.....................50%.....................60%.....................70%.....................80%.....................90%.....................100%

Welcome to Gradle 8.6!

Here are the highlights of this release:
 - Configurable encryption key for configuration cache
 - Build init improvements
 - Build authoring improvements

For more details see https://docs.gradle.org/8.6/release-notes.html

Starting a Gradle Daemon (subsequent builds will be faster)

> Configure project :
w: file:///home/runner/work/studio/studio/build.gradle.kts:8:24: 'getter for buildDir: File!' is deprecated. Deprecated in Java

> Configure project :app
w: file:///home/runner/work/studio/studio/app/build.gradle.kts:47:5: 'aaptOptions(AaptOptions.() -> Unit): Unit' is deprecated. Replaced by 

> Task :app:preBuild UP-TO-DATE
> Task :app:preDebugBuild UP-TO-DATE
> Task :app:mergeDebugNativeDebugMetadata NO-SOURCE
> Task :app:checkKotlinGradlePluginConfigurationErrors
> Task :app:checkDebugAarMetadata
> Task :app:checkDebugAarMetadata FAILED

FAILURE: Build failed with an exception.

* What went wrong:
Execution failed for task ':app:checkDebugAarMetadata'.
> Could not resolve all files for configuration ':app:debugRuntimeClasspath'.
   > Could not resolve com.github.sensen-llc:sentencepiece:0.1.99.
     Required by:
         project :app
      > Could not resolve com.github.sensen-llc:sentencepiece:0.1.99.
         > Could not get resource 'https://jitpack.io/com/github/sensen-llc/sentencepiece/0.1.99/sentencepiece-0.1.99.pom'.
            > Could not GET 'https://jitpack.io/com/github/sensen-llc/sentencepiece/0.1.99/sentencepiece-0.1.99.pom'. Received status code 401 from server: Unauthorized

* Try:
> Run with --stacktrace option to get the stack trace.
> Run with --info or --debug option to get more log output.
> Run with --scan to get full insights.
> Get more help at https://help.gradle.org.

BUILD FAILED in 2m 35s
2 actionable tasks: 2 executed
